* using log directory ‘/home/lei/Rpackages/microbiome/inst/extras/microbiome.Rcheck’
* using R version 3.3.1 (2016-06-21)
* using platform: x86_64-pc-linux-gnu (64-bit)
* using session charset: UTF-8
* using options ‘--no-examples --no-build-vignettes’
* checking for file ‘microbiome/DESCRIPTION’ ... OK
* checking extension type ... Package
* this is package ‘microbiome’ version ‘0.99.92’
* package encoding: UTF-8
* checking package namespace information ... OK
* checking package dependencies ... OK
* checking if this is a source package ... OK
* checking if there is a namespace ... OK
* checking for executable files ... OK
* checking for hidden files and directories ... OK
* checking for portable file names ... OK
* checking for sufficient/correct file permissions ... OK
* checking whether package ‘microbiome’ can be installed ... OK
* checking installed package size ... OK
* checking package directory ... OK
* checking DESCRIPTION meta-information ... OK
* checking top-level files ... OK
* checking for left-over files ... OK
* checking index information ... OK
* checking package subdirectories ... OK
* checking R files for non-ASCII characters ... OK
* checking R files for syntax errors ... OK
* checking whether the package can be loaded ... OK
* checking whether the package can be loaded with stated dependencies ... OK
* checking whether the package can be unloaded cleanly ... OK
* checking whether the namespace can be loaded with stated dependencies ... OK
* checking whether the namespace can be unloaded cleanly ... OK
* checking loading without being on the library search path ... OK
* checking dependencies in R code ... OK
* checking S3 generic/method consistency ... OK
* checking replacement functions ... OK
* checking foreign function calls ... OK
* checking R code for possible problems ... OK
* checking Rd files ... OK
* checking Rd metadata ... OK
* checking Rd cross-references ... OK
* checking for missing documentation entries ... OK
* checking for code/documentation mismatches ... OK
* checking Rd \usage sections ... OK
* checking Rd contents ... OK
* checking for unstated dependencies in examples ... OK
* checking contents of ‘data’ directory ... OK
* checking data for non-ASCII characters ... OK
* checking data for ASCII and uncompressed saves ... OK
* checking files in ‘vignettes’ ... OK
* checking examples ... SKIPPED
* checking for unstated dependencies in ‘tests’ ... OK
* checking tests ... OK
  Running ‘runTests.R’
* checking for unstated dependencies in vignettes ... OK
* checking package vignettes in ‘inst/doc’ ... WARNING
Package vignettes without corresponding PDF/HTML:
   ‘Atlas.Rmd’
   ‘Betadiversity.Rmd’
   ‘Bimodality.Rmd’
   ‘Clustering.Rmd’
   ‘Comparisons.Rmd’
   ‘Composition.Rmd’
   ‘Core.Rmd’
   ‘Data.Rmd’
   ‘Diversity.Rmd’
   ‘Example.Rmd’
   ‘Experimental.Rmd’
   ‘Heatmap.Rmd’
   ‘HITChip.Rmd’
   ‘HITChipDB.Rmd’
   ‘Installation.Rmd’
   ‘Interactive.Rmd’
   ‘Landscaping.Rmd’
   ‘limma.Rmd’
   ‘Mixedmodels.Rmd’
   ‘Negativebinomial.Rmd’
   ‘Networks.Rmd’
   ‘Ordination.Rmd’
   ‘Output.Rmd’
   ‘PERMANOVA.Rmd’
   ‘Potential.Rmd’
   ‘Preprocessing.Rmd’
   ‘Probelevel.Rmd’
   ‘RDA.Rmd’
   ‘Regression.Rmd’
   ‘Stability.Rmd’
   ‘Template.Rmd’
   ‘vignette.Rmd’

* checking running R code from vignettes ... NONE
* checking re-building of vignette outputs ... SKIPPED
* checking PDF version of manual ... OK
* DONE
Status: 1 WARNING
