Hmm ... looks like a package

This is pdfTeX, Version 3.14159265-2.6-1.40.17 (TeX Live 2016/Debian) (preloaded format=pdflatex)
 restricted \write18 enabled.
entering extended mode
LaTeX2e <2016/03/31> patch level 3
Babel <3.9r> and hyphenation patterns for 30 language(s) loaded.
(./Rd2.tex
(/usr/share/texlive/texmf-dist/tex/latex/base/book.cls
Document Class: book 2014/09/29 v1.4h Standard LaTeX document class
(/usr/share/texlive/texmf-dist/tex/latex/base/bk10.clo))
(/usr/share/R/share/texmf/tex/latex/Rd.sty
(/usr/share/texlive/texmf-dist/tex/latex/base/ifthen.sty)
(/usr/share/texlive/texmf-dist/tex/latex/tools/longtable.sty)
(/usr/share/texlive/texmf-dist/tex/latex/tools/bm.sty)
(/usr/share/texlive/texmf-dist/tex/latex/base/alltt.sty)
(/usr/share/texlive/texmf-dist/tex/latex/tools/verbatim.sty)
(/usr/share/texlive/texmf-dist/tex/latex/url/url.sty)
(/usr/share/texlive/texmf-dist/tex/latex/base/textcomp.sty
(/usr/share/texlive/texmf-dist/tex/latex/base/ts1enc.def))
(/usr/share/texlive/texmf-dist/tex/latex/base/fontenc.sty
(/usr/share/texlive/texmf-dist/tex/latex/base/t1enc.def))
(/usr/share/texlive/texmf-dist/tex/latex/psnfss/times.sty)
(/usr/share/texlive/texmf-dist/tex/latex/inconsolata/zi4.sty
`inconsolata-zi4' v1.10, 2016/02/22 Text macros for Inconsolata (msharpe)
(/usr/share/texlive/texmf-dist/tex/latex/graphics/keyval.sty))
(/usr/share/texlive/texmf-dist/tex/latex/graphics/color.sty
(/usr/share/texlive/texmf-dist/tex/latex/graphics-cfg/color.cfg)
(/usr/share/texlive/texmf-dist/tex/latex/graphics-def/pdftex.def
(/usr/share/texlive/texmf-dist/tex/generic/oberdiek/infwarerr.sty)
(/usr/share/texlive/texmf-dist/tex/generic/oberdiek/ltxcmds.sty)))
(/usr/share/texlive/texmf-dist/tex/latex/hyperref/hyperref.sty
(/usr/share/texlive/texmf-dist/tex/generic/oberdiek/hobsub-hyperref.sty
(/usr/share/texlive/texmf-dist/tex/generic/oberdiek/hobsub-generic.sty))
(/usr/share/texlive/texmf-dist/tex/generic/ifxetex/ifxetex.sty)
(/usr/share/texlive/texmf-dist/tex/latex/oberdiek/auxhook.sty)
(/usr/share/texlive/texmf-dist/tex/latex/oberdiek/kvoptions.sty)
(/usr/share/texlive/texmf-dist/tex/latex/hyperref/pd1enc.def)
(/usr/share/texlive/texmf-dist/tex/latex/latexconfig/hyperref.cfg))

Package hyperref Message: Driver (autodetected): hpdftex.

(/usr/share/texlive/texmf-dist/tex/latex/hyperref/hpdftex.def
(/usr/share/texlive/texmf-dist/tex/latex/oberdiek/rerunfilecheck.sty))

Package hyperref Warning: Option `hyperindex' has already been used,
(hyperref)                setting the option has no effect on input line 366.


Package hyperref Warning: Option `pagebackref' has already been used,
(hyperref)                setting the option has no effect on input line 366.

) (/usr/share/texlive/texmf-dist/tex/latex/base/makeidx.sty)
(/usr/share/texlive/texmf-dist/tex/latex/base/inputenc.sty
(/usr/share/texlive/texmf-dist/tex/latex/base/utf8.def
(/usr/share/texlive/texmf-dist/tex/latex/base/t1enc.dfu)
(/usr/share/texlive/texmf-dist/tex/latex/base/ot1enc.dfu)
(/usr/share/texlive/texmf-dist/tex/latex/base/omsenc.dfu)
(/usr/share/texlive/texmf-dist/tex/latex/base/ts1enc.dfu)))
Writing index file Rd2.idx
No file Rd2.aux.
(/usr/share/texlive/texmf-dist/tex/latex/base/ts1cmr.fd)
(/usr/share/texlive/texmf-dist/tex/latex/psnfss/t1ptm.fd)
(/usr/share/texlive/texmf-dist/tex/context/base/mkii/supp-pdf.mkii
[Loading MPS to PDF converter (version 2006.09.02).]
) (/usr/share/texlive/texmf-dist/tex/latex/hyperref/nameref.sty
(/usr/share/texlive/texmf-dist/tex/generic/oberdiek/gettitlestring.sty))
(/usr/share/texlive/texmf-dist/tex/latex/base/utf8.def)
(/usr/share/texlive/texmf-dist/tex/latex/inconsolata/t1zi4.fd)
(/usr/share/texlive/texmf-dist/tex/latex/psnfss/t1phv.fd)
(/usr/share/texlive/texmf-dist/tex/latex/base/utf8.def) [1{/var/lib/texmf/fonts
/map/pdftex/updmap/pdftex.map}]
(/usr/share/texlive/texmf-dist/tex/latex/inconsolata/ts1zi4.fd)
(/usr/share/texlive/texmf-dist/tex/latex/base/utf8.def) [2]
(/usr/share/texlive/texmf-dist/tex/latex/base/utf8.def) [3]
(/usr/share/texlive/texmf-dist/tex/latex/base/utf8.def) [4]
(/usr/share/texlive/texmf-dist/tex/latex/base/utf8.def) [5]
(/usr/share/texlive/texmf-dist/tex/latex/base/utf8.def)
(/usr/share/texlive/texmf-dist/tex/latex/psnfss/ts1ptm.fd) [6]
(/usr/share/texlive/texmf-dist/tex/latex/base/utf8.def) [7]
(/usr/share/texlive/texmf-dist/tex/latex/base/utf8.def) [8]
(/usr/share/texlive/texmf-dist/tex/latex/base/utf8.def) [9]
(/usr/share/texlive/texmf-dist/tex/latex/base/utf8.def) [10]
(/usr/share/texlive/texmf-dist/tex/latex/base/utf8.def) [11]
(/usr/share/texlive/texmf-dist/tex/latex/base/utf8.def) [12]
(/usr/share/texlive/texmf-dist/tex/latex/base/utf8.def) [13]
(/usr/share/texlive/texmf-dist/tex/latex/base/utf8.def) [14]
(/usr/share/texlive/texmf-dist/tex/latex/base/utf8.def) [15]
(/usr/share/texlive/texmf-dist/tex/latex/base/utf8.def) [16]
(/usr/share/texlive/texmf-dist/tex/latex/base/utf8.def) [17]
(/usr/share/texlive/texmf-dist/tex/latex/base/utf8.def)
Overfull \hbox (9.69943pt too wide) in paragraph at lines 991--994
\T1/ptm/m/n/10 two-week diet swap. For de-tails, see [][]$\T1/zi4/m/n/10 http :
 / / www . nature . com / ncomms / 2015 / 150428 / ncomms7342 /

Overfull \hbox (41.74757pt too wide) in paragraph at lines 1015--1018
\T1/zi4/m/n/10 150428 / ncomms7342 / full / ncomms7342 . html$[][] \T1/ptm/m/n/
10 To cite the mi-cro-biome R pack-age, see ci-ta-tion('microbiome') 
(/usr/share/texlive/texmf-dist/tex/latex/base/utf8.def) [18]
Overfull \hbox (5.35764pt too wide) in paragraph at lines 1046--1053
\T1/ptm/m/n/10 the phy-loseq::estimate_richness func-tion. These in-clude `c("O
bserved", "Chao1",
(/usr/share/texlive/texmf-dist/tex/latex/base/utf8.def) [19]
Overfull \hbox (0.29745pt too wide) in paragraph at lines 1091--1094
[]\T1/ptm/m/n/10 Combined in-put data vec-tor (sam-ples x vari-ables) and meta-
data data.frame (sam-
[20] (/usr/share/texlive/texmf-dist/tex/latex/base/utf8.def)
(/usr/share/texlive/texmf-dist/tex/latex/base/utf8.def) [21]
Overfull \hbox (1.55734pt too wide) in paragraph at lines 1214--1217
[]\T1/ptm/m/n/10 This is a wrap-per for phy-loseq or-di-na-tion func-tions, pro
-vid-ing smooth ac-cess to or-di-nated data.frame
(/usr/share/texlive/texmf-dist/tex/latex/base/utf8.def) [22]
Overfull \hbox (143.39935pt too wide) in paragraph at lines 1294--1297
[]\T1/ptm/m/n/10 Code mod-i-fied from the orig-i-nal source: [][]$\T1/zi4/m/n/1
0 http : / / r-[]bloggers . com / measuring-[]associations-[]between-[]non-[]nu
meric-[]variables/$[][]
[23] (/usr/share/texlive/texmf-dist/tex/latex/base/utf8.def)
Overfull \hbox (17.3371pt too wide) in paragraph at lines 1326--1327
[]\T1/ptm/m/n/10 dissimilarity method ("an-ti-cor-re-la-tion" or any method ava
il-able via the ve-tan::vegdist
[24] (/usr/share/texlive/texmf-dist/tex/latex/base/utf8.def)
Overfull \hbox (0.14783pt too wide) in paragraph at lines 1403--1406
[]\T1/ptm/m/n/10 Data frame. Each row cor-re-sponds to a pair of as-so-ci-ated 
vari-ables. The columns
[25] (/usr/share/texlive/texmf-dist/tex/latex/base/utf8.def) [26]
(/usr/share/texlive/texmf-dist/tex/latex/base/utf8.def)
(/usr/share/texlive/texmf-dist/tex/latex/base/utf8.def) [27] [28]
(/usr/share/texlive/texmf-dist/tex/latex/base/utf8.def)
(/usr/share/texlive/texmf-dist/tex/latex/base/utf8.def) [29]
(/usr/share/texlive/texmf-dist/tex/latex/base/utf8.def)
(/usr/share/texlive/texmf-dist/tex/latex/base/utf8.def) [30] [31]
(/usr/share/texlive/texmf-dist/tex/latex/base/utf8.def) [32]
(/usr/share/texlive/texmf-dist/tex/latex/base/utf8.def) [33]
(/usr/share/texlive/texmf-dist/tex/latex/base/utf8.def)
(/usr/share/texlive/texmf-dist/tex/latex/base/utf8.def) [34]
(/usr/share/texlive/texmf-dist/tex/latex/base/utf8.def) [35] [36]
(/usr/share/texlive/texmf-dist/tex/latex/base/utf8.def) [37]
(/usr/share/texlive/texmf-dist/tex/latex/base/utf8.def)
(/usr/share/texlive/texmf-dist/tex/latex/base/utf8.def) [38]
Overfull \hbox (44.27696pt too wide) in paragraph at lines 2201--2210
[]\T1/ptm/m/n/10 Plot al-pha di-ver-sity. This func-tion es-ti-mates a num-ber 
of alpha-diversity met-rics us-ing the [][]\T1/zi4/m/n/10 estimate_richness[][]
[]

Overfull \hbox (227.90929pt too wide) in paragraph at lines 2230--2235
\T1/ptm/m/n/10 tor. Val-ues must be among those sup-ported: \T1/zi4/m/n/10 c("O
bserved", "Chao1", "ACE", "Shannon", "Simpson", "InvSimpson", "Fisher")\T1/ptm/
m/n/10 . 
[39] (/usr/share/texlive/texmf-dist/tex/latex/base/utf8.def)
(/usr/share/texlive/texmf-dist/tex/latex/base/utf8.def) [40]
(/usr/share/texlive/texmf-dist/tex/latex/base/utf8.def) [41]
Overfull \hbox (6.02577pt too wide) in paragraph at lines 2441--2443
[]\T1/ptm/m/n/10 A list with the color palette (col-ors), color break-points (b
reaks), and palette func-tion (palette.function) 
[42] (/usr/share/texlive/texmf-dist/tex/latex/base/utf8.def) [43]
(/usr/share/texlive/texmf-dist/tex/latex/base/utf8.def) [44]
(/usr/share/texlive/texmf-dist/tex/latex/base/utf8.def) [45]
Overfull \hbox (82.57852pt too wide) in paragraph at lines 2653--2655
[]\T1/ptm/m/n/10 Based on the orig-i-nal ver-sion from Fe-lix Schon-brodt. Mod-
i-fied by Leo Lahti \T1/zi4/m/n/10 <microbiome-admin@googlegroups.com> 
(/usr/share/texlive/texmf-dist/tex/latex/base/utf8.def) [46]
(/usr/share/texlive/texmf-dist/tex/latex/base/utf8.def) [47]
(/usr/share/texlive/texmf-dist/tex/latex/base/utf8.def) [48] [49]
(/usr/share/texlive/texmf-dist/tex/latex/base/utf8.def) [50]
(/usr/share/texlive/texmf-dist/tex/latex/base/utf8.def) [51]
(/usr/share/texlive/texmf-dist/tex/latex/base/utf8.def)
(/usr/share/texlive/texmf-dist/tex/latex/base/utf8.def)
Overfull \hbox (6.68825pt too wide) in paragraph at lines 3048--3050
[]\T1/ptm/m/n/10 a ma-trix, sam-ples on columns, vari-ables (bac-te-ria) on row
s. Or a [][]\T1/zi4/m/n/10 phyloseq-class[][][]
[52] [53] (/usr/share/texlive/texmf-dist/tex/latex/base/utf8.def) [54]
(/usr/share/texlive/texmf-dist/tex/latex/base/utf8.def)
(/usr/share/texlive/texmf-dist/tex/latex/base/utf8.def) [55]
(/usr/share/texlive/texmf-dist/tex/latex/base/utf8.def) [56]
(/usr/share/texlive/texmf-dist/tex/latex/base/utf8.def)
(/usr/share/texlive/texmf-dist/tex/latex/base/utf8.def) [57]
(/usr/share/texlive/texmf-dist/tex/latex/base/utf8.def) [58]
No file Rd2.ind.
[59] (/tmp/RtmpQoisiE/Rd2pdf373d2b12a00c/Rd2.aux)

Package rerunfilecheck Warning: File `Rd2.out' has changed.
(rerunfilecheck)                Rerun to get outlines right
(rerunfilecheck)                or use package `bookmark'.

 )
(see the transcript file for additional information)pdfTeX warning (dest): name
{Rfn.data.frame} has been referenced but does not exist, replaced by a fixed on
e

pdfTeX warning (dest): name{Rfn.estimateR} has been referenced but does not exi
st, replaced by a fixed one

pdfTeX warning (dest): name{Rfn.plot.Rul.richness} has been referenced but does
 not exist, replaced by a fixed one

pdfTeX warning (dest): name{Rfn.estimate.Rul.richness} has been referenced but 
does not exist, replaced by a fixed one

pdfTeX warning (dest): name{Rfn.ordinate} has been referenced but does not exis
t, replaced by a fixed one

pdfTeX warning (dest): name{Rfn.vegdist} has been referenced but does not exist
, replaced by a fixed one

pdfTeX warning (dest): name{Rfn.taxonomyTable.Rdash.class} has been referenced 
but does not exist, replaced by a fixed one

pdfTeX warning (dest): name{Rfn.phyloseq} has been referenced but does not exis
t, replaced by a fixed one

pdfTeX warning (dest): name{Rfn.ggplot} has been referenced but does not exist,
 replaced by a fixed one

pdfTeX warning (dest): name{Rfn.phyloseq.Rdash.class} has been referenced but d
oes not exist, replaced by a fixed one

{/usr/share/texlive/texmf-dist/fonts/enc/dvips/inconsolata/i4-ts1.enc}{/usr/sha
re/texlive/texmf-dist/fonts/enc/dvips/base/8r.enc}{/usr/share/texlive/texmf-dis
t/fonts/enc/dvips/inconsolata/i4-t1-0.enc}</usr/share/texlive/texmf-dist/fonts/
type1/public/inconsolata/Inconsolata-zi4r.pfb></usr/share/texlive/texmf-dist/fo
nts/type1/public/amsfonts/cm/cmmi10.pfb></usr/share/texlive/texmf-dist/fonts/ty
pe1/public/amsfonts/cm/cmr10.pfb></usr/share/texlive/texmf-dist/fonts/type1/pub
lic/amsfonts/cm/cmr7.pfb></usr/share/texlive/texmf-dist/fonts/type1/public/amsf
onts/cm/cmsy10.pfb></usr/share/texlive/texmf-dist/fonts/type1/urw/helvetic/uhvr
8a.pfb></usr/share/texlive/texmf-dist/fonts/type1/urw/times/utmb8a.pfb></usr/sh
are/texlive/texmf-dist/fonts/type1/urw/times/utmr8a.pfb></usr/share/texlive/tex
mf-dist/fonts/type1/urw/times/utmr8a.pfb></usr/share/texlive/texmf-dist/fonts/t
ype1/urw/times/utmri8a.pfb>
Output written on Rd2.pdf (59 pages, 223765 bytes).
Transcript written on Rd2.log.
This is pdfTeX, Version 3.14159265-2.6-1.40.17 (TeX Live 2016/Debian) (preloaded format=pdflatex)
 restricted \write18 enabled.
entering extended mode
LaTeX2e <2016/03/31> patch level 3
Babel <3.9r> and hyphenation patterns for 30 language(s) loaded.
(./Rd2.tex
(/usr/share/texlive/texmf-dist/tex/latex/base/book.cls
Document Class: book 2014/09/29 v1.4h Standard LaTeX document class
(/usr/share/texlive/texmf-dist/tex/latex/base/bk10.clo))
(/usr/share/R/share/texmf/tex/latex/Rd.sty
(/usr/share/texlive/texmf-dist/tex/latex/base/ifthen.sty)
(/usr/share/texlive/texmf-dist/tex/latex/tools/longtable.sty)
(/usr/share/texlive/texmf-dist/tex/latex/tools/bm.sty)
(/usr/share/texlive/texmf-dist/tex/latex/base/alltt.sty)
(/usr/share/texlive/texmf-dist/tex/latex/tools/verbatim.sty)
(/usr/share/texlive/texmf-dist/tex/latex/url/url.sty)
(/usr/share/texlive/texmf-dist/tex/latex/base/textcomp.sty
(/usr/share/texlive/texmf-dist/tex/latex/base/ts1enc.def))
(/usr/share/texlive/texmf-dist/tex/latex/base/fontenc.sty
(/usr/share/texlive/texmf-dist/tex/latex/base/t1enc.def))
(/usr/share/texlive/texmf-dist/tex/latex/psnfss/times.sty)
(/usr/share/texlive/texmf-dist/tex/latex/inconsolata/zi4.sty
`inconsolata-zi4' v1.10, 2016/02/22 Text macros for Inconsolata (msharpe)
(/usr/share/texlive/texmf-dist/tex/latex/graphics/keyval.sty))
(/usr/share/texlive/texmf-dist/tex/latex/graphics/color.sty
(/usr/share/texlive/texmf-dist/tex/latex/graphics-cfg/color.cfg)
(/usr/share/texlive/texmf-dist/tex/latex/graphics-def/pdftex.def
(/usr/share/texlive/texmf-dist/tex/generic/oberdiek/infwarerr.sty)
(/usr/share/texlive/texmf-dist/tex/generic/oberdiek/ltxcmds.sty)))
(/usr/share/texlive/texmf-dist/tex/latex/hyperref/hyperref.sty
(/usr/share/texlive/texmf-dist/tex/generic/oberdiek/hobsub-hyperref.sty
(/usr/share/texlive/texmf-dist/tex/generic/oberdiek/hobsub-generic.sty))
(/usr/share/texlive/texmf-dist/tex/generic/ifxetex/ifxetex.sty)
(/usr/share/texlive/texmf-dist/tex/latex/oberdiek/auxhook.sty)
(/usr/share/texlive/texmf-dist/tex/latex/oberdiek/kvoptions.sty)
(/usr/share/texlive/texmf-dist/tex/latex/hyperref/pd1enc.def)
(/usr/share/texlive/texmf-dist/tex/latex/latexconfig/hyperref.cfg))

Package hyperref Message: Driver (autodetected): hpdftex.

(/usr/share/texlive/texmf-dist/tex/latex/hyperref/hpdftex.def
(/usr/share/texlive/texmf-dist/tex/latex/oberdiek/rerunfilecheck.sty))

Package hyperref Warning: Option `hyperindex' has already been used,
(hyperref)                setting the option has no effect on input line 366.


Package hyperref Warning: Option `pagebackref' has already been used,
(hyperref)                setting the option has no effect on input line 366.

) (/usr/share/texlive/texmf-dist/tex/latex/base/makeidx.sty)
(/usr/share/texlive/texmf-dist/tex/latex/base/inputenc.sty
(/usr/share/texlive/texmf-dist/tex/latex/base/utf8.def
(/usr/share/texlive/texmf-dist/tex/latex/base/t1enc.dfu)
(/usr/share/texlive/texmf-dist/tex/latex/base/ot1enc.dfu)
(/usr/share/texlive/texmf-dist/tex/latex/base/omsenc.dfu)
(/usr/share/texlive/texmf-dist/tex/latex/base/ts1enc.dfu)))
Writing index file Rd2.idx
(/tmp/RtmpQoisiE/Rd2pdf373d2b12a00c/Rd2.aux)
(/usr/share/texlive/texmf-dist/tex/latex/base/ts1cmr.fd)
(/usr/share/texlive/texmf-dist/tex/latex/psnfss/t1ptm.fd)
(/usr/share/texlive/texmf-dist/tex/context/base/mkii/supp-pdf.mkii
[Loading MPS to PDF converter (version 2006.09.02).]
) (/usr/share/texlive/texmf-dist/tex/latex/hyperref/nameref.sty
(/usr/share/texlive/texmf-dist/tex/generic/oberdiek/gettitlestring.sty))
(/tmp/RtmpQoisiE/Rd2pdf373d2b12a00c/Rd2.out)
(/tmp/RtmpQoisiE/Rd2pdf373d2b12a00c/Rd2.out)
(/usr/share/texlive/texmf-dist/tex/latex/base/utf8.def)
(/usr/share/texlive/texmf-dist/tex/latex/inconsolata/t1zi4.fd)
(/usr/share/texlive/texmf-dist/tex/latex/psnfss/t1phv.fd)
(/tmp/RtmpQoisiE/Rd2pdf373d2b12a00c/Rd2.toc [1{/var/lib/texmf/fonts/map/pdftex/
updmap/pdftex.map}] [2]) (/usr/share/texlive/texmf-dist/tex/latex/base/utf8.def
) (/usr/share/texlive/texmf-dist/tex/latex/inconsolata/ts1zi4.fd)
(/usr/share/texlive/texmf-dist/tex/latex/base/utf8.def) [3]
(/usr/share/texlive/texmf-dist/tex/latex/base/utf8.def) [4]
(/usr/share/texlive/texmf-dist/tex/latex/base/utf8.def) [5] [6]
(/usr/share/texlive/texmf-dist/tex/latex/base/utf8.def)
(/usr/share/texlive/texmf-dist/tex/latex/base/utf8.def) [7]
(/usr/share/texlive/texmf-dist/tex/latex/psnfss/ts1ptm.fd)
(/usr/share/texlive/texmf-dist/tex/latex/base/utf8.def) [8]
(/usr/share/texlive/texmf-dist/tex/latex/base/utf8.def) [9] [10]
(/usr/share/texlive/texmf-dist/tex/latex/base/utf8.def) [11]
(/usr/share/texlive/texmf-dist/tex/latex/base/utf8.def) [12]
(/usr/share/texlive/texmf-dist/tex/latex/base/utf8.def) [13]
(/usr/share/texlive/texmf-dist/tex/latex/base/utf8.def) [14]
(/usr/share/texlive/texmf-dist/tex/latex/base/utf8.def) [15]
(/usr/share/texlive/texmf-dist/tex/latex/base/utf8.def) [16]
(/usr/share/texlive/texmf-dist/tex/latex/base/utf8.def) [17]
(/usr/share/texlive/texmf-dist/tex/latex/base/utf8.def) [18]
(/usr/share/texlive/texmf-dist/tex/latex/base/utf8.def) [19]
(/usr/share/texlive/texmf-dist/tex/latex/base/utf8.def)
Overfull \hbox (9.69943pt too wide) in paragraph at lines 991--994
\T1/ptm/m/n/10 two-week diet swap. For de-tails, see [][]$\T1/zi4/m/n/10 http :
 / / www . nature . com / ncomms / 2015 / 150428 / ncomms7342 /

Overfull \hbox (41.74757pt too wide) in paragraph at lines 1015--1018
\T1/zi4/m/n/10 150428 / ncomms7342 / full / ncomms7342 . html$[][] \T1/ptm/m/n/
10 To cite the mi-cro-biome R pack-age, see ci-ta-tion('microbiome') 
(/usr/share/texlive/texmf-dist/tex/latex/base/utf8.def) [20]
Overfull \hbox (5.35764pt too wide) in paragraph at lines 1046--1053
\T1/ptm/m/n/10 the phy-loseq::estimate_richness func-tion. These in-clude `c("O
bserved", "Chao1",
(/usr/share/texlive/texmf-dist/tex/latex/base/utf8.def) [21]
Overfull \hbox (0.29745pt too wide) in paragraph at lines 1091--1094
[]\T1/ptm/m/n/10 Combined in-put data vec-tor (sam-ples x vari-ables) and meta-
data data.frame (sam-
[22] (/usr/share/texlive/texmf-dist/tex/latex/base/utf8.def)
(/usr/share/texlive/texmf-dist/tex/latex/base/utf8.def) [23]
Overfull \hbox (1.55734pt too wide) in paragraph at lines 1214--1217
[]\T1/ptm/m/n/10 This is a wrap-per for phy-loseq or-di-na-tion func-tions, pro
-vid-ing smooth ac-cess to or-di-nated data.frame
(/usr/share/texlive/texmf-dist/tex/latex/base/utf8.def) [24]
Overfull \hbox (143.39935pt too wide) in paragraph at lines 1294--1297
[]\T1/ptm/m/n/10 Code mod-i-fied from the orig-i-nal source: [][]$\T1/zi4/m/n/1
0 http : / / r-[]bloggers . com / measuring-[]associations-[]between-[]non-[]nu
meric-[]variables/$[][]
[25] (/usr/share/texlive/texmf-dist/tex/latex/base/utf8.def)
Overfull \hbox (17.3371pt too wide) in paragraph at lines 1326--1327
[]\T1/ptm/m/n/10 dissimilarity method ("an-ti-cor-re-la-tion" or any method ava
il-able via the ve-tan::vegdist
[26] (/usr/share/texlive/texmf-dist/tex/latex/base/utf8.def)
Overfull \hbox (0.14783pt too wide) in paragraph at lines 1403--1406
[]\T1/ptm/m/n/10 Data frame. Each row cor-re-sponds to a pair of as-so-ci-ated 
vari-ables. The columns
[27] (/usr/share/texlive/texmf-dist/tex/latex/base/utf8.def) [28]
(/usr/share/texlive/texmf-dist/tex/latex/base/utf8.def)
(/usr/share/texlive/texmf-dist/tex/latex/base/utf8.def) [29] [30]
(/usr/share/texlive/texmf-dist/tex/latex/base/utf8.def)
(/usr/share/texlive/texmf-dist/tex/latex/base/utf8.def) [31]
(/usr/share/texlive/texmf-dist/tex/latex/base/utf8.def)
(/usr/share/texlive/texmf-dist/tex/latex/base/utf8.def) [32] [33]
(/usr/share/texlive/texmf-dist/tex/latex/base/utf8.def) [34]
(/usr/share/texlive/texmf-dist/tex/latex/base/utf8.def) [35]
(/usr/share/texlive/texmf-dist/tex/latex/base/utf8.def)
(/usr/share/texlive/texmf-dist/tex/latex/base/utf8.def) [36]
(/usr/share/texlive/texmf-dist/tex/latex/base/utf8.def) [37] [38]
(/usr/share/texlive/texmf-dist/tex/latex/base/utf8.def) [39]
(/usr/share/texlive/texmf-dist/tex/latex/base/utf8.def)
(/usr/share/texlive/texmf-dist/tex/latex/base/utf8.def) [40]
Overfull \hbox (44.27696pt too wide) in paragraph at lines 2201--2210
[]\T1/ptm/m/n/10 Plot al-pha di-ver-sity. This func-tion es-ti-mates a num-ber 
of alpha-diversity met-rics us-ing the [][]\T1/zi4/m/n/10 estimate_richness[][]
[]

Overfull \hbox (227.90929pt too wide) in paragraph at lines 2230--2235
\T1/ptm/m/n/10 tor. Val-ues must be among those sup-ported: \T1/zi4/m/n/10 c("O
bserved", "Chao1", "ACE", "Shannon", "Simpson", "InvSimpson", "Fisher")\T1/ptm/
m/n/10 . 
[41] (/usr/share/texlive/texmf-dist/tex/latex/base/utf8.def)
(/usr/share/texlive/texmf-dist/tex/latex/base/utf8.def) [42]
(/usr/share/texlive/texmf-dist/tex/latex/base/utf8.def) [43]
Overfull \hbox (6.02577pt too wide) in paragraph at lines 2441--2443
[]\T1/ptm/m/n/10 A list with the color palette (col-ors), color break-points (b
reaks), and palette func-tion (palette.function) 
[44] (/usr/share/texlive/texmf-dist/tex/latex/base/utf8.def) [45]
(/usr/share/texlive/texmf-dist/tex/latex/base/utf8.def) [46]
(/usr/share/texlive/texmf-dist/tex/latex/base/utf8.def) [47]
Overfull \hbox (82.57852pt too wide) in paragraph at lines 2653--2655
[]\T1/ptm/m/n/10 Based on the orig-i-nal ver-sion from Fe-lix Schon-brodt. Mod-
i-fied by Leo Lahti \T1/zi4/m/n/10 <microbiome-admin@googlegroups.com> 
(/usr/share/texlive/texmf-dist/tex/latex/base/utf8.def) [48]
(/usr/share/texlive/texmf-dist/tex/latex/base/utf8.def) [49]
(/usr/share/texlive/texmf-dist/tex/latex/base/utf8.def) [50] [51]
(/usr/share/texlive/texmf-dist/tex/latex/base/utf8.def) [52]
(/usr/share/texlive/texmf-dist/tex/latex/base/utf8.def) [53]
(/usr/share/texlive/texmf-dist/tex/latex/base/utf8.def)
(/usr/share/texlive/texmf-dist/tex/latex/base/utf8.def)
Overfull \hbox (6.68825pt too wide) in paragraph at lines 3048--3050
[]\T1/ptm/m/n/10 a ma-trix, sam-ples on columns, vari-ables (bac-te-ria) on row
s. Or a [][]\T1/zi4/m/n/10 phyloseq-class[][][]
[54] [55] (/usr/share/texlive/texmf-dist/tex/latex/base/utf8.def) [56]
(/usr/share/texlive/texmf-dist/tex/latex/base/utf8.def)
(/usr/share/texlive/texmf-dist/tex/latex/base/utf8.def) [57]
(/usr/share/texlive/texmf-dist/tex/latex/base/utf8.def) [58]
(/usr/share/texlive/texmf-dist/tex/latex/base/utf8.def)
(/usr/share/texlive/texmf-dist/tex/latex/base/utf8.def) [59]
(/usr/share/texlive/texmf-dist/tex/latex/base/utf8.def) [60]
No file Rd2.ind.
[61] (/tmp/RtmpQoisiE/Rd2pdf373d2b12a00c/Rd2.aux) )
(see the transcript file for additional information)pdfTeX warning (dest): name
{Rfn.data.frame} has been referenced but does not exist, replaced by a fixed on
e

pdfTeX warning (dest): name{Rfn.estimateR} has been referenced but does not exi
st, replaced by a fixed one

pdfTeX warning (dest): name{Rfn.plot.Rul.richness} has been referenced but does
 not exist, replaced by a fixed one

pdfTeX warning (dest): name{Rfn.estimate.Rul.richness} has been referenced but 
does not exist, replaced by a fixed one

pdfTeX warning (dest): name{Rfn.ordinate} has been referenced but does not exis
t, replaced by a fixed one

pdfTeX warning (dest): name{Rfn.vegdist} has been referenced but does not exist
, replaced by a fixed one

pdfTeX warning (dest): name{Rfn.taxonomyTable.Rdash.class} has been referenced 
but does not exist, replaced by a fixed one

pdfTeX warning (dest): name{Rfn.phyloseq} has been referenced but does not exis
t, replaced by a fixed one

pdfTeX warning (dest): name{Rfn.ggplot} has been referenced but does not exist,
 replaced by a fixed one

pdfTeX warning (dest): name{Rfn.phyloseq.Rdash.class} has been referenced but d
oes not exist, replaced by a fixed one

{/usr/share/texlive/texmf-dist/fonts/enc/dvips/inconsolata/i4-ts1.enc}{/usr/sha
re/texlive/texmf-dist/fonts/enc/dvips/base/8r.enc}{/usr/share/texlive/texmf-dis
t/fonts/enc/dvips/inconsolata/i4-t1-0.enc}</usr/share/texlive/texmf-dist/fonts/
type1/public/inconsolata/Inconsolata-zi4r.pfb></usr/share/texlive/texmf-dist/fo
nts/type1/public/amsfonts/cm/cmmi10.pfb></usr/share/texlive/texmf-dist/fonts/ty
pe1/public/amsfonts/cm/cmr10.pfb></usr/share/texlive/texmf-dist/fonts/type1/pub
lic/amsfonts/cm/cmr7.pfb></usr/share/texlive/texmf-dist/fonts/type1/public/amsf
onts/cm/cmsy10.pfb></usr/share/texlive/texmf-dist/fonts/type1/urw/helvetic/uhvr
8a.pfb></usr/share/texlive/texmf-dist/fonts/type1/urw/times/utmb8a.pfb></usr/sh
are/texlive/texmf-dist/fonts/type1/urw/times/utmr8a.pfb></usr/share/texlive/tex
mf-dist/fonts/type1/urw/times/utmr8a.pfb></usr/share/texlive/texmf-dist/fonts/t
ype1/urw/times/utmri8a.pfb>
Output written on Rd2.pdf (61 pages, 231411 bytes).
Transcript written on Rd2.log.
This is makeindex, version 2.15 [TeX Live 2016] (kpathsea + Thai support).
Scanning input file Rd2.idx....done (149 entries accepted, 24 rejected).
Sorting entries....done (1139 comparisons).
Generating output file Rd2.ind....done (203 lines written, 0 warnings).
Output written in Rd2.ind.
Transcript written in Rd2.ilg.
This is pdfTeX, Version 3.14159265-2.6-1.40.17 (TeX Live 2016/Debian) (preloaded format=pdflatex)
 restricted \write18 enabled.
entering extended mode
LaTeX2e <2016/03/31> patch level 3
Babel <3.9r> and hyphenation patterns for 30 language(s) loaded.
(./Rd2.tex
(/usr/share/texlive/texmf-dist/tex/latex/base/book.cls
Document Class: book 2014/09/29 v1.4h Standard LaTeX document class
(/usr/share/texlive/texmf-dist/tex/latex/base/bk10.clo))
(/usr/share/R/share/texmf/tex/latex/Rd.sty
(/usr/share/texlive/texmf-dist/tex/latex/base/ifthen.sty)
(/usr/share/texlive/texmf-dist/tex/latex/tools/longtable.sty)
(/usr/share/texlive/texmf-dist/tex/latex/tools/bm.sty)
(/usr/share/texlive/texmf-dist/tex/latex/base/alltt.sty)
(/usr/share/texlive/texmf-dist/tex/latex/tools/verbatim.sty)
(/usr/share/texlive/texmf-dist/tex/latex/url/url.sty)
(/usr/share/texlive/texmf-dist/tex/latex/base/textcomp.sty
(/usr/share/texlive/texmf-dist/tex/latex/base/ts1enc.def))
(/usr/share/texlive/texmf-dist/tex/latex/base/fontenc.sty
(/usr/share/texlive/texmf-dist/tex/latex/base/t1enc.def))
(/usr/share/texlive/texmf-dist/tex/latex/psnfss/times.sty)
(/usr/share/texlive/texmf-dist/tex/latex/inconsolata/zi4.sty
`inconsolata-zi4' v1.10, 2016/02/22 Text macros for Inconsolata (msharpe)
(/usr/share/texlive/texmf-dist/tex/latex/graphics/keyval.sty))
(/usr/share/texlive/texmf-dist/tex/latex/graphics/color.sty
(/usr/share/texlive/texmf-dist/tex/latex/graphics-cfg/color.cfg)
(/usr/share/texlive/texmf-dist/tex/latex/graphics-def/pdftex.def
(/usr/share/texlive/texmf-dist/tex/generic/oberdiek/infwarerr.sty)
(/usr/share/texlive/texmf-dist/tex/generic/oberdiek/ltxcmds.sty)))
(/usr/share/texlive/texmf-dist/tex/latex/hyperref/hyperref.sty
(/usr/share/texlive/texmf-dist/tex/generic/oberdiek/hobsub-hyperref.sty
(/usr/share/texlive/texmf-dist/tex/generic/oberdiek/hobsub-generic.sty))
(/usr/share/texlive/texmf-dist/tex/generic/ifxetex/ifxetex.sty)
(/usr/share/texlive/texmf-dist/tex/latex/oberdiek/auxhook.sty)
(/usr/share/texlive/texmf-dist/tex/latex/oberdiek/kvoptions.sty)
(/usr/share/texlive/texmf-dist/tex/latex/hyperref/pd1enc.def)
(/usr/share/texlive/texmf-dist/tex/latex/latexconfig/hyperref.cfg))

Package hyperref Message: Driver (autodetected): hpdftex.

(/usr/share/texlive/texmf-dist/tex/latex/hyperref/hpdftex.def
(/usr/share/texlive/texmf-dist/tex/latex/oberdiek/rerunfilecheck.sty))

Package hyperref Warning: Option `hyperindex' has already been used,
(hyperref)                setting the option has no effect on input line 366.


Package hyperref Warning: Option `pagebackref' has already been used,
(hyperref)                setting the option has no effect on input line 366.

) (/usr/share/texlive/texmf-dist/tex/latex/base/makeidx.sty)
(/usr/share/texlive/texmf-dist/tex/latex/base/inputenc.sty
(/usr/share/texlive/texmf-dist/tex/latex/base/utf8.def
(/usr/share/texlive/texmf-dist/tex/latex/base/t1enc.dfu)
(/usr/share/texlive/texmf-dist/tex/latex/base/ot1enc.dfu)
(/usr/share/texlive/texmf-dist/tex/latex/base/omsenc.dfu)
(/usr/share/texlive/texmf-dist/tex/latex/base/ts1enc.dfu)))
Writing index file Rd2.idx
(/tmp/RtmpQoisiE/Rd2pdf373d2b12a00c/Rd2.aux)
(/usr/share/texlive/texmf-dist/tex/latex/base/ts1cmr.fd)
(/usr/share/texlive/texmf-dist/tex/latex/psnfss/t1ptm.fd)
(/usr/share/texlive/texmf-dist/tex/context/base/mkii/supp-pdf.mkii
[Loading MPS to PDF converter (version 2006.09.02).]
) (/usr/share/texlive/texmf-dist/tex/latex/hyperref/nameref.sty
(/usr/share/texlive/texmf-dist/tex/generic/oberdiek/gettitlestring.sty))
(/tmp/RtmpQoisiE/Rd2pdf373d2b12a00c/Rd2.out)
(/tmp/RtmpQoisiE/Rd2pdf373d2b12a00c/Rd2.out)
(/usr/share/texlive/texmf-dist/tex/latex/base/utf8.def)
(/usr/share/texlive/texmf-dist/tex/latex/inconsolata/t1zi4.fd)
(/usr/share/texlive/texmf-dist/tex/latex/psnfss/t1phv.fd)
(/tmp/RtmpQoisiE/Rd2pdf373d2b12a00c/Rd2.toc [1{/var/lib/texmf/fonts/map/pdftex/
updmap/pdftex.map}] [2]) (/usr/share/texlive/texmf-dist/tex/latex/base/utf8.def
) (/usr/share/texlive/texmf-dist/tex/latex/inconsolata/ts1zi4.fd)
(/usr/share/texlive/texmf-dist/tex/latex/base/utf8.def) [3]
(/usr/share/texlive/texmf-dist/tex/latex/base/utf8.def) [4]
(/usr/share/texlive/texmf-dist/tex/latex/base/utf8.def) [5] [6]
(/usr/share/texlive/texmf-dist/tex/latex/base/utf8.def)
(/usr/share/texlive/texmf-dist/tex/latex/base/utf8.def) [7]
(/usr/share/texlive/texmf-dist/tex/latex/psnfss/ts1ptm.fd)
(/usr/share/texlive/texmf-dist/tex/latex/base/utf8.def) [8]
(/usr/share/texlive/texmf-dist/tex/latex/base/utf8.def) [9] [10]
(/usr/share/texlive/texmf-dist/tex/latex/base/utf8.def) [11]
(/usr/share/texlive/texmf-dist/tex/latex/base/utf8.def) [12]
(/usr/share/texlive/texmf-dist/tex/latex/base/utf8.def) [13]
(/usr/share/texlive/texmf-dist/tex/latex/base/utf8.def) [14]
(/usr/share/texlive/texmf-dist/tex/latex/base/utf8.def) [15]
(/usr/share/texlive/texmf-dist/tex/latex/base/utf8.def) [16]
(/usr/share/texlive/texmf-dist/tex/latex/base/utf8.def) [17]
(/usr/share/texlive/texmf-dist/tex/latex/base/utf8.def) [18]
(/usr/share/texlive/texmf-dist/tex/latex/base/utf8.def) [19]
(/usr/share/texlive/texmf-dist/tex/latex/base/utf8.def)
Overfull \hbox (9.69943pt too wide) in paragraph at lines 991--994
\T1/ptm/m/n/10 two-week diet swap. For de-tails, see [][]$\T1/zi4/m/n/10 http :
 / / www . nature . com / ncomms / 2015 / 150428 / ncomms7342 /

Overfull \hbox (41.74757pt too wide) in paragraph at lines 1015--1018
\T1/zi4/m/n/10 150428 / ncomms7342 / full / ncomms7342 . html$[][] \T1/ptm/m/n/
10 To cite the mi-cro-biome R pack-age, see ci-ta-tion('microbiome') 
(/usr/share/texlive/texmf-dist/tex/latex/base/utf8.def) [20]
Overfull \hbox (5.35764pt too wide) in paragraph at lines 1046--1053
\T1/ptm/m/n/10 the phy-loseq::estimate_richness func-tion. These in-clude `c("O
bserved", "Chao1",
(/usr/share/texlive/texmf-dist/tex/latex/base/utf8.def) [21]
Overfull \hbox (0.29745pt too wide) in paragraph at lines 1091--1094
[]\T1/ptm/m/n/10 Combined in-put data vec-tor (sam-ples x vari-ables) and meta-
data data.frame (sam-
[22] (/usr/share/texlive/texmf-dist/tex/latex/base/utf8.def)
(/usr/share/texlive/texmf-dist/tex/latex/base/utf8.def) [23]
Overfull \hbox (1.55734pt too wide) in paragraph at lines 1214--1217
[]\T1/ptm/m/n/10 This is a wrap-per for phy-loseq or-di-na-tion func-tions, pro
-vid-ing smooth ac-cess to or-di-nated data.frame
(/usr/share/texlive/texmf-dist/tex/latex/base/utf8.def) [24]
Overfull \hbox (143.39935pt too wide) in paragraph at lines 1294--1297
[]\T1/ptm/m/n/10 Code mod-i-fied from the orig-i-nal source: [][]$\T1/zi4/m/n/1
0 http : / / r-[]bloggers . com / measuring-[]associations-[]between-[]non-[]nu
meric-[]variables/$[][]
[25] (/usr/share/texlive/texmf-dist/tex/latex/base/utf8.def)
Overfull \hbox (17.3371pt too wide) in paragraph at lines 1326--1327
[]\T1/ptm/m/n/10 dissimilarity method ("an-ti-cor-re-la-tion" or any method ava
il-able via the ve-tan::vegdist
[26] (/usr/share/texlive/texmf-dist/tex/latex/base/utf8.def)
Overfull \hbox (0.14783pt too wide) in paragraph at lines 1403--1406
[]\T1/ptm/m/n/10 Data frame. Each row cor-re-sponds to a pair of as-so-ci-ated 
vari-ables. The columns
[27] (/usr/share/texlive/texmf-dist/tex/latex/base/utf8.def) [28]
(/usr/share/texlive/texmf-dist/tex/latex/base/utf8.def)
(/usr/share/texlive/texmf-dist/tex/latex/base/utf8.def) [29] [30]
(/usr/share/texlive/texmf-dist/tex/latex/base/utf8.def)
(/usr/share/texlive/texmf-dist/tex/latex/base/utf8.def) [31]
(/usr/share/texlive/texmf-dist/tex/latex/base/utf8.def)
(/usr/share/texlive/texmf-dist/tex/latex/base/utf8.def) [32] [33]
(/usr/share/texlive/texmf-dist/tex/latex/base/utf8.def) [34]
(/usr/share/texlive/texmf-dist/tex/latex/base/utf8.def) [35]
(/usr/share/texlive/texmf-dist/tex/latex/base/utf8.def)
(/usr/share/texlive/texmf-dist/tex/latex/base/utf8.def) [36]
(/usr/share/texlive/texmf-dist/tex/latex/base/utf8.def) [37] [38]
(/usr/share/texlive/texmf-dist/tex/latex/base/utf8.def) [39]
(/usr/share/texlive/texmf-dist/tex/latex/base/utf8.def)
(/usr/share/texlive/texmf-dist/tex/latex/base/utf8.def) [40]
Overfull \hbox (44.27696pt too wide) in paragraph at lines 2201--2210
[]\T1/ptm/m/n/10 Plot al-pha di-ver-sity. This func-tion es-ti-mates a num-ber 
of alpha-diversity met-rics us-ing the [][]\T1/zi4/m/n/10 estimate_richness[][]
[]

Overfull \hbox (227.90929pt too wide) in paragraph at lines 2230--2235
\T1/ptm/m/n/10 tor. Val-ues must be among those sup-ported: \T1/zi4/m/n/10 c("O
bserved", "Chao1", "ACE", "Shannon", "Simpson", "InvSimpson", "Fisher")\T1/ptm/
m/n/10 . 
[41] (/usr/share/texlive/texmf-dist/tex/latex/base/utf8.def)
(/usr/share/texlive/texmf-dist/tex/latex/base/utf8.def) [42]
(/usr/share/texlive/texmf-dist/tex/latex/base/utf8.def) [43]
Overfull \hbox (6.02577pt too wide) in paragraph at lines 2441--2443
[]\T1/ptm/m/n/10 A list with the color palette (col-ors), color break-points (b
reaks), and palette func-tion (palette.function) 
[44] (/usr/share/texlive/texmf-dist/tex/latex/base/utf8.def) [45]
(/usr/share/texlive/texmf-dist/tex/latex/base/utf8.def) [46]
(/usr/share/texlive/texmf-dist/tex/latex/base/utf8.def) [47]
Overfull \hbox (82.57852pt too wide) in paragraph at lines 2653--2655
[]\T1/ptm/m/n/10 Based on the orig-i-nal ver-sion from Fe-lix Schon-brodt. Mod-
i-fied by Leo Lahti \T1/zi4/m/n/10 <microbiome-admin@googlegroups.com> 
(/usr/share/texlive/texmf-dist/tex/latex/base/utf8.def) [48]
(/usr/share/texlive/texmf-dist/tex/latex/base/utf8.def) [49]
(/usr/share/texlive/texmf-dist/tex/latex/base/utf8.def) [50] [51]
(/usr/share/texlive/texmf-dist/tex/latex/base/utf8.def) [52]
(/usr/share/texlive/texmf-dist/tex/latex/base/utf8.def) [53]
(/usr/share/texlive/texmf-dist/tex/latex/base/utf8.def)
(/usr/share/texlive/texmf-dist/tex/latex/base/utf8.def)
Overfull \hbox (6.68825pt too wide) in paragraph at lines 3048--3050
[]\T1/ptm/m/n/10 a ma-trix, sam-ples on columns, vari-ables (bac-te-ria) on row
s. Or a [][]\T1/zi4/m/n/10 phyloseq-class[][][]
[54] [55] (/usr/share/texlive/texmf-dist/tex/latex/base/utf8.def) [56]
(/usr/share/texlive/texmf-dist/tex/latex/base/utf8.def)
(/usr/share/texlive/texmf-dist/tex/latex/base/utf8.def) [57]
(/usr/share/texlive/texmf-dist/tex/latex/base/utf8.def) [58]
(/usr/share/texlive/texmf-dist/tex/latex/base/utf8.def)
(/usr/share/texlive/texmf-dist/tex/latex/base/utf8.def) [59]
(/usr/share/texlive/texmf-dist/tex/latex/base/utf8.def) [60]
(/tmp/RtmpQoisiE/Rd2pdf373d2b12a00c/Rd2.ind [61]

LaTeX Font Warning: Font shape `T1/zi4/m/it' undefined
(Font)              using `T1/zi4/m/n' instead on input line 66.

[62] [63]) (/tmp/RtmpQoisiE/Rd2pdf373d2b12a00c/Rd2.aux)

Package rerunfilecheck Warning: File `Rd2.out' has changed.
(rerunfilecheck)                Rerun to get outlines right
(rerunfilecheck)                or use package `bookmark'.


LaTeX Font Warning: Some font shapes were not available, defaults substituted.

 )
(see the transcript file for additional information)pdfTeX warning (dest): name
{Rfn.data.frame} has been referenced but does not exist, replaced by a fixed on
e

pdfTeX warning (dest): name{Rfn.estimateR} has been referenced but does not exi
st, replaced by a fixed one

pdfTeX warning (dest): name{Rfn.plot.Rul.richness} has been referenced but does
 not exist, replaced by a fixed one

pdfTeX warning (dest): name{Rfn.estimate.Rul.richness} has been referenced but 
does not exist, replaced by a fixed one

pdfTeX warning (dest): name{Rfn.ordinate} has been referenced but does not exis
t, replaced by a fixed one

pdfTeX warning (dest): name{Rfn.vegdist} has been referenced but does not exist
, replaced by a fixed one

pdfTeX warning (dest): name{Rfn.taxonomyTable.Rdash.class} has been referenced 
but does not exist, replaced by a fixed one

pdfTeX warning (dest): name{Rfn.phyloseq} has been referenced but does not exis
t, replaced by a fixed one

pdfTeX warning (dest): name{Rfn.ggplot} has been referenced but does not exist,
 replaced by a fixed one

pdfTeX warning (dest): name{Rfn.phyloseq.Rdash.class} has been referenced but d
oes not exist, replaced by a fixed one

{/usr/share/texlive/texmf-dist/fonts/enc/dvips/inconsolata/i4-ts1.enc}{/usr/sha
re/texlive/texmf-dist/fonts/enc/dvips/base/8r.enc}{/usr/share/texlive/texmf-dis
t/fonts/enc/dvips/inconsolata/i4-t1-0.enc}</usr/share/texlive/texmf-dist/fonts/
type1/public/inconsolata/Inconsolata-zi4r.pfb></usr/share/texlive/texmf-dist/fo
nts/type1/public/amsfonts/cm/cmmi10.pfb></usr/share/texlive/texmf-dist/fonts/ty
pe1/public/amsfonts/cm/cmr10.pfb></usr/share/texlive/texmf-dist/fonts/type1/pub
lic/amsfonts/cm/cmr7.pfb></usr/share/texlive/texmf-dist/fonts/type1/public/amsf
onts/cm/cmsy10.pfb></usr/share/texlive/texmf-dist/fonts/type1/urw/helvetic/uhvr
8a.pfb></usr/share/texlive/texmf-dist/fonts/type1/urw/times/utmb8a.pfb></usr/sh
are/texlive/texmf-dist/fonts/type1/urw/times/utmr8a.pfb></usr/share/texlive/tex
mf-dist/fonts/type1/urw/times/utmr8a.pfb></usr/share/texlive/texmf-dist/fonts/t
ype1/urw/times/utmri8a.pfb>
Output written on Rd2.pdf (63 pages, 241095 bytes).
Transcript written on Rd2.log.
This is makeindex, version 2.15 [TeX Live 2016] (kpathsea + Thai support).
Scanning input file Rd2.idx....done (149 entries accepted, 24 rejected).
Sorting entries....done (1139 comparisons).
Generating output file Rd2.ind....done (203 lines written, 0 warnings).
Output written in Rd2.ind.
Transcript written in Rd2.ilg.
This is pdfTeX, Version 3.14159265-2.6-1.40.17 (TeX Live 2016/Debian) (preloaded format=pdflatex)
 restricted \write18 enabled.
entering extended mode
LaTeX2e <2016/03/31> patch level 3
Babel <3.9r> and hyphenation patterns for 30 language(s) loaded.
(./Rd2.tex
(/usr/share/texlive/texmf-dist/tex/latex/base/book.cls
Document Class: book 2014/09/29 v1.4h Standard LaTeX document class
(/usr/share/texlive/texmf-dist/tex/latex/base/bk10.clo))
(/usr/share/R/share/texmf/tex/latex/Rd.sty
(/usr/share/texlive/texmf-dist/tex/latex/base/ifthen.sty)
(/usr/share/texlive/texmf-dist/tex/latex/tools/longtable.sty)
(/usr/share/texlive/texmf-dist/tex/latex/tools/bm.sty)
(/usr/share/texlive/texmf-dist/tex/latex/base/alltt.sty)
(/usr/share/texlive/texmf-dist/tex/latex/tools/verbatim.sty)
(/usr/share/texlive/texmf-dist/tex/latex/url/url.sty)
(/usr/share/texlive/texmf-dist/tex/latex/base/textcomp.sty
(/usr/share/texlive/texmf-dist/tex/latex/base/ts1enc.def))
(/usr/share/texlive/texmf-dist/tex/latex/base/fontenc.sty
(/usr/share/texlive/texmf-dist/tex/latex/base/t1enc.def))
(/usr/share/texlive/texmf-dist/tex/latex/psnfss/times.sty)
(/usr/share/texlive/texmf-dist/tex/latex/inconsolata/zi4.sty
`inconsolata-zi4' v1.10, 2016/02/22 Text macros for Inconsolata (msharpe)
(/usr/share/texlive/texmf-dist/tex/latex/graphics/keyval.sty))
(/usr/share/texlive/texmf-dist/tex/latex/graphics/color.sty
(/usr/share/texlive/texmf-dist/tex/latex/graphics-cfg/color.cfg)
(/usr/share/texlive/texmf-dist/tex/latex/graphics-def/pdftex.def
(/usr/share/texlive/texmf-dist/tex/generic/oberdiek/infwarerr.sty)
(/usr/share/texlive/texmf-dist/tex/generic/oberdiek/ltxcmds.sty)))
(/usr/share/texlive/texmf-dist/tex/latex/hyperref/hyperref.sty
(/usr/share/texlive/texmf-dist/tex/generic/oberdiek/hobsub-hyperref.sty
(/usr/share/texlive/texmf-dist/tex/generic/oberdiek/hobsub-generic.sty))
(/usr/share/texlive/texmf-dist/tex/generic/ifxetex/ifxetex.sty)
(/usr/share/texlive/texmf-dist/tex/latex/oberdiek/auxhook.sty)
(/usr/share/texlive/texmf-dist/tex/latex/oberdiek/kvoptions.sty)
(/usr/share/texlive/texmf-dist/tex/latex/hyperref/pd1enc.def)
(/usr/share/texlive/texmf-dist/tex/latex/latexconfig/hyperref.cfg))

Package hyperref Message: Driver (autodetected): hpdftex.

(/usr/share/texlive/texmf-dist/tex/latex/hyperref/hpdftex.def
(/usr/share/texlive/texmf-dist/tex/latex/oberdiek/rerunfilecheck.sty))

Package hyperref Warning: Option `hyperindex' has already been used,
(hyperref)                setting the option has no effect on input line 366.


Package hyperref Warning: Option `pagebackref' has already been used,
(hyperref)                setting the option has no effect on input line 366.

) (/usr/share/texlive/texmf-dist/tex/latex/base/makeidx.sty)
(/usr/share/texlive/texmf-dist/tex/latex/base/inputenc.sty
(/usr/share/texlive/texmf-dist/tex/latex/base/utf8.def
(/usr/share/texlive/texmf-dist/tex/latex/base/t1enc.dfu)
(/usr/share/texlive/texmf-dist/tex/latex/base/ot1enc.dfu)
(/usr/share/texlive/texmf-dist/tex/latex/base/omsenc.dfu)
(/usr/share/texlive/texmf-dist/tex/latex/base/ts1enc.dfu)))
Writing index file Rd2.idx
(/tmp/RtmpQoisiE/Rd2pdf373d2b12a00c/Rd2.aux)
(/usr/share/texlive/texmf-dist/tex/latex/base/ts1cmr.fd)
(/usr/share/texlive/texmf-dist/tex/latex/psnfss/t1ptm.fd)
(/usr/share/texlive/texmf-dist/tex/context/base/mkii/supp-pdf.mkii
[Loading MPS to PDF converter (version 2006.09.02).]
) (/usr/share/texlive/texmf-dist/tex/latex/hyperref/nameref.sty
(/usr/share/texlive/texmf-dist/tex/generic/oberdiek/gettitlestring.sty))
(/tmp/RtmpQoisiE/Rd2pdf373d2b12a00c/Rd2.out)
(/tmp/RtmpQoisiE/Rd2pdf373d2b12a00c/Rd2.out)
(/usr/share/texlive/texmf-dist/tex/latex/base/utf8.def)
(/usr/share/texlive/texmf-dist/tex/latex/inconsolata/t1zi4.fd)
(/usr/share/texlive/texmf-dist/tex/latex/psnfss/t1phv.fd)
(/tmp/RtmpQoisiE/Rd2pdf373d2b12a00c/Rd2.toc [1{/var/lib/texmf/fonts/map/pdftex/
updmap/pdftex.map}] [2]) (/usr/share/texlive/texmf-dist/tex/latex/base/utf8.def
) (/usr/share/texlive/texmf-dist/tex/latex/inconsolata/ts1zi4.fd)
(/usr/share/texlive/texmf-dist/tex/latex/base/utf8.def) [3]
(/usr/share/texlive/texmf-dist/tex/latex/base/utf8.def) [4]
(/usr/share/texlive/texmf-dist/tex/latex/base/utf8.def) [5] [6]
(/usr/share/texlive/texmf-dist/tex/latex/base/utf8.def)
(/usr/share/texlive/texmf-dist/tex/latex/base/utf8.def) [7]
(/usr/share/texlive/texmf-dist/tex/latex/psnfss/ts1ptm.fd)
(/usr/share/texlive/texmf-dist/tex/latex/base/utf8.def) [8]
(/usr/share/texlive/texmf-dist/tex/latex/base/utf8.def) [9] [10]
(/usr/share/texlive/texmf-dist/tex/latex/base/utf8.def) [11]
(/usr/share/texlive/texmf-dist/tex/latex/base/utf8.def) [12]
(/usr/share/texlive/texmf-dist/tex/latex/base/utf8.def) [13]
(/usr/share/texlive/texmf-dist/tex/latex/base/utf8.def) [14]
(/usr/share/texlive/texmf-dist/tex/latex/base/utf8.def) [15]
(/usr/share/texlive/texmf-dist/tex/latex/base/utf8.def) [16]
(/usr/share/texlive/texmf-dist/tex/latex/base/utf8.def) [17]
(/usr/share/texlive/texmf-dist/tex/latex/base/utf8.def) [18]
(/usr/share/texlive/texmf-dist/tex/latex/base/utf8.def) [19]
(/usr/share/texlive/texmf-dist/tex/latex/base/utf8.def)
Overfull \hbox (9.69943pt too wide) in paragraph at lines 991--994
\T1/ptm/m/n/10 two-week diet swap. For de-tails, see [][]$\T1/zi4/m/n/10 http :
 / / www . nature . com / ncomms / 2015 / 150428 / ncomms7342 /

Overfull \hbox (41.74757pt too wide) in paragraph at lines 1015--1018
\T1/zi4/m/n/10 150428 / ncomms7342 / full / ncomms7342 . html$[][] \T1/ptm/m/n/
10 To cite the mi-cro-biome R pack-age, see ci-ta-tion('microbiome') 
(/usr/share/texlive/texmf-dist/tex/latex/base/utf8.def) [20]
Overfull \hbox (5.35764pt too wide) in paragraph at lines 1046--1053
\T1/ptm/m/n/10 the phy-loseq::estimate_richness func-tion. These in-clude `c("O
bserved", "Chao1",
(/usr/share/texlive/texmf-dist/tex/latex/base/utf8.def) [21]
Overfull \hbox (0.29745pt too wide) in paragraph at lines 1091--1094
[]\T1/ptm/m/n/10 Combined in-put data vec-tor (sam-ples x vari-ables) and meta-
data data.frame (sam-
[22] (/usr/share/texlive/texmf-dist/tex/latex/base/utf8.def)
(/usr/share/texlive/texmf-dist/tex/latex/base/utf8.def) [23]
Overfull \hbox (1.55734pt too wide) in paragraph at lines 1214--1217
[]\T1/ptm/m/n/10 This is a wrap-per for phy-loseq or-di-na-tion func-tions, pro
-vid-ing smooth ac-cess to or-di-nated data.frame
(/usr/share/texlive/texmf-dist/tex/latex/base/utf8.def) [24]
Overfull \hbox (143.39935pt too wide) in paragraph at lines 1294--1297
[]\T1/ptm/m/n/10 Code mod-i-fied from the orig-i-nal source: [][]$\T1/zi4/m/n/1
0 http : / / r-[]bloggers . com / measuring-[]associations-[]between-[]non-[]nu
meric-[]variables/$[][]
[25] (/usr/share/texlive/texmf-dist/tex/latex/base/utf8.def)
Overfull \hbox (17.3371pt too wide) in paragraph at lines 1326--1327
[]\T1/ptm/m/n/10 dissimilarity method ("an-ti-cor-re-la-tion" or any method ava
il-able via the ve-tan::vegdist
[26] (/usr/share/texlive/texmf-dist/tex/latex/base/utf8.def)
Overfull \hbox (0.14783pt too wide) in paragraph at lines 1403--1406
[]\T1/ptm/m/n/10 Data frame. Each row cor-re-sponds to a pair of as-so-ci-ated 
vari-ables. The columns
[27] (/usr/share/texlive/texmf-dist/tex/latex/base/utf8.def) [28]
(/usr/share/texlive/texmf-dist/tex/latex/base/utf8.def)
(/usr/share/texlive/texmf-dist/tex/latex/base/utf8.def) [29] [30]
(/usr/share/texlive/texmf-dist/tex/latex/base/utf8.def)
(/usr/share/texlive/texmf-dist/tex/latex/base/utf8.def) [31]
(/usr/share/texlive/texmf-dist/tex/latex/base/utf8.def)
(/usr/share/texlive/texmf-dist/tex/latex/base/utf8.def) [32] [33]
(/usr/share/texlive/texmf-dist/tex/latex/base/utf8.def) [34]
(/usr/share/texlive/texmf-dist/tex/latex/base/utf8.def) [35]
(/usr/share/texlive/texmf-dist/tex/latex/base/utf8.def)
(/usr/share/texlive/texmf-dist/tex/latex/base/utf8.def) [36]
(/usr/share/texlive/texmf-dist/tex/latex/base/utf8.def) [37] [38]
(/usr/share/texlive/texmf-dist/tex/latex/base/utf8.def) [39]
(/usr/share/texlive/texmf-dist/tex/latex/base/utf8.def)
(/usr/share/texlive/texmf-dist/tex/latex/base/utf8.def) [40]
Overfull \hbox (44.27696pt too wide) in paragraph at lines 2201--2210
[]\T1/ptm/m/n/10 Plot al-pha di-ver-sity. This func-tion es-ti-mates a num-ber 
of alpha-diversity met-rics us-ing the [][]\T1/zi4/m/n/10 estimate_richness[][]
[]

Overfull \hbox (227.90929pt too wide) in paragraph at lines 2230--2235
\T1/ptm/m/n/10 tor. Val-ues must be among those sup-ported: \T1/zi4/m/n/10 c("O
bserved", "Chao1", "ACE", "Shannon", "Simpson", "InvSimpson", "Fisher")\T1/ptm/
m/n/10 . 
[41] (/usr/share/texlive/texmf-dist/tex/latex/base/utf8.def)
(/usr/share/texlive/texmf-dist/tex/latex/base/utf8.def) [42]
(/usr/share/texlive/texmf-dist/tex/latex/base/utf8.def) [43]
Overfull \hbox (6.02577pt too wide) in paragraph at lines 2441--2443
[]\T1/ptm/m/n/10 A list with the color palette (col-ors), color break-points (b
reaks), and palette func-tion (palette.function) 
[44] (/usr/share/texlive/texmf-dist/tex/latex/base/utf8.def) [45]
(/usr/share/texlive/texmf-dist/tex/latex/base/utf8.def) [46]
(/usr/share/texlive/texmf-dist/tex/latex/base/utf8.def) [47]
Overfull \hbox (82.57852pt too wide) in paragraph at lines 2653--2655
[]\T1/ptm/m/n/10 Based on the orig-i-nal ver-sion from Fe-lix Schon-brodt. Mod-
i-fied by Leo Lahti \T1/zi4/m/n/10 <microbiome-admin@googlegroups.com> 
(/usr/share/texlive/texmf-dist/tex/latex/base/utf8.def) [48]
(/usr/share/texlive/texmf-dist/tex/latex/base/utf8.def) [49]
(/usr/share/texlive/texmf-dist/tex/latex/base/utf8.def) [50] [51]
(/usr/share/texlive/texmf-dist/tex/latex/base/utf8.def) [52]
(/usr/share/texlive/texmf-dist/tex/latex/base/utf8.def) [53]
(/usr/share/texlive/texmf-dist/tex/latex/base/utf8.def)
(/usr/share/texlive/texmf-dist/tex/latex/base/utf8.def)
Overfull \hbox (6.68825pt too wide) in paragraph at lines 3048--3050
[]\T1/ptm/m/n/10 a ma-trix, sam-ples on columns, vari-ables (bac-te-ria) on row
s. Or a [][]\T1/zi4/m/n/10 phyloseq-class[][][]
[54] [55] (/usr/share/texlive/texmf-dist/tex/latex/base/utf8.def) [56]
(/usr/share/texlive/texmf-dist/tex/latex/base/utf8.def)
(/usr/share/texlive/texmf-dist/tex/latex/base/utf8.def) [57]
(/usr/share/texlive/texmf-dist/tex/latex/base/utf8.def) [58]
(/usr/share/texlive/texmf-dist/tex/latex/base/utf8.def)
(/usr/share/texlive/texmf-dist/tex/latex/base/utf8.def) [59]
(/usr/share/texlive/texmf-dist/tex/latex/base/utf8.def) [60]
(/tmp/RtmpQoisiE/Rd2pdf373d2b12a00c/Rd2.ind [61]

LaTeX Font Warning: Font shape `T1/zi4/m/it' undefined
(Font)              using `T1/zi4/m/n' instead on input line 66.

[62] [63]) (/tmp/RtmpQoisiE/Rd2pdf373d2b12a00c/Rd2.aux)

LaTeX Font Warning: Some font shapes were not available, defaults substituted.

 )
(see the transcript file for additional information)pdfTeX warning (dest): name
{Rfn.data.frame} has been referenced but does not exist, replaced by a fixed on
e

pdfTeX warning (dest): name{Rfn.estimateR} has been referenced but does not exi
st, replaced by a fixed one

pdfTeX warning (dest): name{Rfn.plot.Rul.richness} has been referenced but does
 not exist, replaced by a fixed one

pdfTeX warning (dest): name{Rfn.estimate.Rul.richness} has been referenced but 
does not exist, replaced by a fixed one

pdfTeX warning (dest): name{Rfn.ordinate} has been referenced but does not exis
t, replaced by a fixed one

pdfTeX warning (dest): name{Rfn.vegdist} has been referenced but does not exist
, replaced by a fixed one

pdfTeX warning (dest): name{Rfn.taxonomyTable.Rdash.class} has been referenced 
but does not exist, replaced by a fixed one

pdfTeX warning (dest): name{Rfn.phyloseq} has been referenced but does not exis
t, replaced by a fixed one

pdfTeX warning (dest): name{Rfn.ggplot} has been referenced but does not exist,
 replaced by a fixed one

pdfTeX warning (dest): name{Rfn.phyloseq.Rdash.class} has been referenced but d
oes not exist, replaced by a fixed one

{/usr/share/texlive/texmf-dist/fonts/enc/dvips/inconsolata/i4-ts1.enc}{/usr/sha
re/texlive/texmf-dist/fonts/enc/dvips/base/8r.enc}{/usr/share/texlive/texmf-dis
t/fonts/enc/dvips/inconsolata/i4-t1-0.enc}</usr/share/texlive/texmf-dist/fonts/
type1/public/inconsolata/Inconsolata-zi4r.pfb></usr/share/texlive/texmf-dist/fo
nts/type1/public/amsfonts/cm/cmmi10.pfb></usr/share/texlive/texmf-dist/fonts/ty
pe1/public/amsfonts/cm/cmr10.pfb></usr/share/texlive/texmf-dist/fonts/type1/pub
lic/amsfonts/cm/cmr7.pfb></usr/share/texlive/texmf-dist/fonts/type1/public/amsf
onts/cm/cmsy10.pfb></usr/share/texlive/texmf-dist/fonts/type1/urw/helvetic/uhvr
8a.pfb></usr/share/texlive/texmf-dist/fonts/type1/urw/times/utmb8a.pfb></usr/sh
are/texlive/texmf-dist/fonts/type1/urw/times/utmr8a.pfb></usr/share/texlive/tex
mf-dist/fonts/type1/urw/times/utmr8a.pfb></usr/share/texlive/texmf-dist/fonts/t
ype1/urw/times/utmri8a.pfb>
Output written on Rd2.pdf (63 pages, 241511 bytes).
Transcript written on Rd2.log.
Saving output to 'microbiome-manual.pdf' ...
Done
You may want to clean up by 'rm -rf /tmp/RtmpQoisiE/Rd2pdf373d2b12a00c'
